Build started 8/19/2015 9:00:42 PM.
     1>Project "C:\Users\Phoenix\documents\visual studio 2013\Projects\TreasureHunt\TreasureHunt\TreasureHunt.vcxproj" on node 2 (Build target(s)).
     1>ClCompile:
         C:\Program Files (x86)\Microsoft Visual Studio 12.0\VC\bin\CL.exe /c /I./include/SDL2 /I./include/SDL2_image /I./include/SDL2_mixer /I./include/ /Zi /nologo /W3 /WX- /O2 /Oi /Oy- /GL /D WIN32 /D NDEBUG /D _CONSOLE /D _LIB /D _UNICODE /D UNICODE /Gm- /EHsc /MD /GS /Gy /fp:precise /Zc:wchar_t /Zc:forScope /Fo"Release\\" /Fd"Release\vc120.pdb" /Gd /TP /analyze- /errorReport:prompt Answer.cpp
         Answer.cpp
     1>Answer.cpp(19): warning C4996: 'strcpy': This function or variable may be unsafe. Consider using strcpy_s instead. To disable deprecation, use _CRT_SECURE_NO_WARNINGS. See online help for details.
                 C:\Program Files (x86)\Microsoft Visual Studio 12.0\VC\include\string.h(112) : see declaration of 'strcpy'
       Link:
         C:\Program Files (x86)\Microsoft Visual Studio 12.0\VC\bin\link.exe /ERRORREPORT:PROMPT /OUT:"C:\Users\Phoenix\documents\visual studio 2013\Projects\TreasureHunt\Release\TreasureHunt.exe" /INCREMENTAL:NO /NOLOGO /LIBPATH:./lib SDL2.lib SDL2_image.lib SDL2_mixer.lib SDL2main.lib SDL2_ttf.lib kernel32.lib user32.lib gdi32.lib winspool.lib comdlg32.lib advapi32.lib shell32.lib ole32.lib oleaut32.lib uuid.lib odbc32.lib odbccp32.lib /MANIFEST /MANIFESTUAC:"level='asInvoker' uiAccess='false'" /manifest:embed /DEBUG /PDB:"C:\Users\Phoenix\documents\visual studio 2013\Projects\TreasureHunt\Release\TreasureHunt.pdb" /SUBSYSTEM:CONSOLE /OPT:REF /OPT:ICF /LTCG /TLBID:1 /DYNAMICBASE /NXCOMPAT /IMPLIB:"C:\Users\Phoenix\documents\visual studio 2013\Projects\TreasureHunt\Release\TreasureHunt.lib" /MACHINE:X86 /SAFESEH Release\TreasureHunt.res
         Release\Answer.obj
         Release\ascmod.obj
         Release\KeyboardHandler.obj
         Release\LayerHandler.obj
         Release\Main.obj
         Release\MainGame.obj
         Release\Player.obj
         Release\preSdlSetup.obj
         Release\Question.obj
         Release\SDL_Setup.obj
         Release\Sprite.obj
         Release\Text.obj
         Generating code
         Finished generating code
         TreasureHunt.vcxproj -> C:\Users\Phoenix\documents\visual studio 2013\Projects\TreasureHunt\Release\TreasureHunt.exe
     1>Done Building Project "C:\Users\Phoenix\documents\visual studio 2013\Projects\TreasureHunt\TreasureHunt\TreasureHunt.vcxproj" (Build target(s)).

Build succeeded.

Time Elapsed 00:00:04.41
